095c initialise_clink          109 ---- 2021/04/03 18:32:58.997 -------------------------------------------------
095c initialise_clink          110 Host process is 'cmd.exe'
095c initialise_clink          124 Windows version 10.0.19042 (x64)
095c initialise_clink          127 Clink version 1.1.45.1c3985 (x64)
095c hook_setter::hook_setter   36 >>> Started hook transaction.
095c hook_iat                   53 Attempting to hook IAT for module 00007FF645D70000
095c hook_iat                   54 Target is (null),SetEnvironmentVariableW (by_name=1)
095c pe_info::iterate_imports  154 Checking imports in 'msvcrt.dll'
095c pe_info::iterate_imports  154 Checking imports in 'ntdll.dll'
095c pe_info::iterate_imports  154 Checking imports in 'api-ms-win-core-kernel32-legacy-l1-1-0.dll'
095c pe_info::iterate_imports  154 Checking imports in 'api-ms-win-core-libraryloader-l1-2-0.dll'
095c pe_info::iterate_imports  154 Checking imports in 'api-ms-win-core-synch-l1-1-0.dll'
095c pe_info::iterate_imports  154 Checking imports in 'api-ms-win-core-heap-l1-1-0.dll'
095c pe_info::iterate_imports  154 Checking imports in 'api-ms-win-core-errorhandling-l1-1-0.dll'
095c pe_info::iterate_imports  154 Checking imports in 'api-ms-win-core-processthreads-l1-1-0.dll'
095c pe_info::iterate_imports  154 Checking imports in 'api-ms-win-core-localization-l1-2-0.dll'
095c pe_info::iterate_imports  154 Checking imports in 'api-ms-win-core-debug-l1-1-0.dll'
095c pe_info::iterate_imports  154 Checking imports in 'api-ms-win-core-handle-l1-1-0.dll'
095c pe_info::iterate_imports  154 Checking imports in 'api-ms-win-core-memory-l1-1-0.dll'
095c pe_info::iterate_imports  154 Checking imports in 'api-ms-win-core-console-l1-1-0.dll'
095c pe_info::iterate_imports  154 Checking imports in 'api-ms-win-core-file-l1-1-0.dll'
095c pe_info::iterate_imports  154 Checking imports in 'api-ms-win-core-string-l1-1-0.dll'
095c pe_info::iterate_imports  154 Checking imports in 'api-ms-win-core-processenvironment-l1-1-0.dll'
095c hook_iat                   81 Found import at 00007FF645DA3860 (value = 00007FFC34EBAF70)
095c hook_iat                   53 Attempting to hook IAT for module 00007FFBE8970000
095c hook_iat                   54 Target is (null),SetEnvironmentVariableW (by_name=1)
095c pe_info::iterate_imports  154 Checking imports in 'VERSION.dll'
095c pe_info::iterate_imports  154 Checking imports in 'SHLWAPI.dll'
095c pe_info::iterate_imports  154 Checking imports in 'RPCRT4.dll'
095c pe_info::iterate_imports  154 Checking imports in 'dbghelp.dll'
095c pe_info::iterate_imports  154 Checking imports in 'KERNEL32.dll'
095c hook_iat                   81 Found import at 00007FFBE8A52208 (value = 00007FFC364A09C0)
095c hook_iat                   53 Attempting to hook IAT for module 00007FF645D70000
095c hook_iat                   54 Target is (null),WriteConsoleW (by_name=1)
095c pe_info::iterate_imports  154 Checking imports in 'msvcrt.dll'
095c pe_info::iterate_imports  154 Checking imports in 'ntdll.dll'
095c pe_info::iterate_imports  154 Checking imports in 'api-ms-win-core-kernel32-legacy-l1-1-0.dll'
095c pe_info::iterate_imports  154 Checking imports in 'api-ms-win-core-libraryloader-l1-2-0.dll'
095c pe_info::iterate_imports  154 Checking imports in 'api-ms-win-core-synch-l1-1-0.dll'
095c pe_info::iterate_imports  154 Checking imports in 'api-ms-win-core-heap-l1-1-0.dll'
095c pe_info::iterate_imports  154 Checking imports in 'api-ms-win-core-errorhandling-l1-1-0.dll'
095c pe_info::iterate_imports  154 Checking imports in 'api-ms-win-core-processthreads-l1-1-0.dll'
095c pe_info::iterate_imports  154 Checking imports in 'api-ms-win-core-localization-l1-2-0.dll'
095c pe_info::iterate_imports  154 Checking imports in 'api-ms-win-core-debug-l1-1-0.dll'
095c pe_info::iterate_imports  154 Checking imports in 'api-ms-win-core-handle-l1-1-0.dll'
095c pe_info::iterate_imports  154 Checking imports in 'api-ms-win-core-memory-l1-1-0.dll'
095c pe_info::iterate_imports  154 Checking imports in 'api-ms-win-core-console-l1-1-0.dll'
095c hook_iat                   81 Found import at 00007FF645DA34F8 (value = 00007FFC34E5A170)
095c hook_iat                   53 Attempting to hook IAT for module 00007FFBE8970000
095c hook_iat                   54 Target is (null),WriteConsoleW (by_name=1)
095c pe_info::iterate_imports  154 Checking imports in 'VERSION.dll'
095c pe_info::iterate_imports  154 Checking imports in 'SHLWAPI.dll'
095c pe_info::iterate_imports  154 Checking imports in 'RPCRT4.dll'
095c pe_info::iterate_imports  154 Checking imports in 'dbghelp.dll'
095c pe_info::iterate_imports  154 Checking imports in 'KERNEL32.dll'
095c hook_iat                   81 Found import at 00007FFBE8A520E8 (value = 00007FFC364A53C0)
095c hook_iat                   53 Attempting to hook IAT for module 00007FF645D70000
095c hook_iat                   54 Target is (null),GetEnvironmentVariableW (by_name=1)
095c pe_info::iterate_imports  154 Checking imports in 'msvcrt.dll'
095c pe_info::iterate_imports  154 Checking imports in 'ntdll.dll'
095c pe_info::iterate_imports  154 Checking imports in 'api-ms-win-core-kernel32-legacy-l1-1-0.dll'
095c pe_info::iterate_imports  154 Checking imports in 'api-ms-win-core-libraryloader-l1-2-0.dll'
095c pe_info::iterate_imports  154 Checking imports in 'api-ms-win-core-synch-l1-1-0.dll'
095c pe_info::iterate_imports  154 Checking imports in 'api-ms-win-core-heap-l1-1-0.dll'
095c pe_info::iterate_imports  154 Checking imports in 'api-ms-win-core-errorhandling-l1-1-0.dll'
095c pe_info::iterate_imports  154 Checking imports in 'api-ms-win-core-processthreads-l1-1-0.dll'
095c pe_info::iterate_imports  154 Checking imports in 'api-ms-win-core-localization-l1-2-0.dll'
095c pe_info::iterate_imports  154 Checking imports in 'api-ms-win-core-debug-l1-1-0.dll'
095c pe_info::iterate_imports  154 Checking imports in 'api-ms-win-core-handle-l1-1-0.dll'
095c pe_info::iterate_imports  154 Checking imports in 'api-ms-win-core-memory-l1-1-0.dll'
095c pe_info::iterate_imports  154 Checking imports in 'api-ms-win-core-console-l1-1-0.dll'
095c pe_info::iterate_imports  154 Checking imports in 'api-ms-win-core-file-l1-1-0.dll'
095c pe_info::iterate_imports  154 Checking imports in 'api-ms-win-core-string-l1-1-0.dll'
095c pe_info::iterate_imports  154 Checking imports in 'api-ms-win-core-processenvironment-l1-1-0.dll'
095c hook_iat                   81 Found import at 00007FF645DA3880 (value = 00007FFC34E73480)
095c hook_iat                   53 Attempting to hook IAT for module 00007FFBE8970000
095c hook_iat                   54 Target is (null),GetEnvironmentVariableW (by_name=1)
095c pe_info::iterate_imports  154 Checking imports in 'VERSION.dll'
095c pe_info::iterate_imports  154 Checking imports in 'SHLWAPI.dll'
095c pe_info::iterate_imports  154 Checking imports in 'RPCRT4.dll'
095c pe_info::iterate_imports  154 Checking imports in 'dbghelp.dll'
095c pe_info::iterate_imports  154 Checking imports in 'KERNEL32.dll'
095c hook_iat                   81 Found import at 00007FFBE8A52200 (value = 00007FFC3649B620)
095c hook_setter::commit        88 <<< Hook transaction committed.
095c hook_iat                   53 Attempting to hook IAT for module 00007FF645D70000
095c hook_iat                   54 Target is (null),GetEnvironmentVariableW (by_name=1)
095c pe_info::iterate_imports  154 Checking imports in 'msvcrt.dll'
095c pe_info::iterate_imports  154 Checking imports in 'ntdll.dll'
095c pe_info::iterate_imports  154 Checking imports in 'api-ms-win-core-kernel32-legacy-l1-1-0.dll'
095c pe_info::iterate_imports  154 Checking imports in 'api-ms-win-core-libraryloader-l1-2-0.dll'
095c pe_info::iterate_imports  154 Checking imports in 'api-ms-win-core-synch-l1-1-0.dll'
095c pe_info::iterate_imports  154 Checking imports in 'api-ms-win-core-heap-l1-1-0.dll'
095c pe_info::iterate_imports  154 Checking imports in 'api-ms-win-core-errorhandling-l1-1-0.dll'
095c pe_info::iterate_imports  154 Checking imports in 'api-ms-win-core-processthreads-l1-1-0.dll'
095c pe_info::iterate_imports  154 Checking imports in 'api-ms-win-core-localization-l1-2-0.dll'
095c pe_info::iterate_imports  154 Checking imports in 'api-ms-win-core-debug-l1-1-0.dll'
095c pe_info::iterate_imports  154 Checking imports in 'api-ms-win-core-handle-l1-1-0.dll'
095c pe_info::iterate_imports  154 Checking imports in 'api-ms-win-core-memory-l1-1-0.dll'
095c pe_info::iterate_imports  154 Checking imports in 'api-ms-win-core-console-l1-1-0.dll'
095c pe_info::iterate_imports  154 Checking imports in 'api-ms-win-core-file-l1-1-0.dll'
095c pe_info::iterate_imports  154 Checking imports in 'api-ms-win-core-string-l1-1-0.dll'
095c pe_info::iterate_imports  154 Checking imports in 'api-ms-win-core-processenvironment-l1-1-0.dll'
095c hook_iat                   81 Found import at 00007FF645DA3880 (value = 00007FFBE8980D30)
095c hook_setter::hook_setter   36 >>> Started hook transaction.
095c hook_setter::add_detour   119 Attempting to hook ReadConsoleW in kernelbase.dll with 00007FFBE89810C0.
095c add_repair_iat_node       135 Attempting to hook IAT for module 00007FFBE8970000.
095c add_repair_iat_node       143 Target is ReadConsoleW (by name).
095c pe_info::iterate_imports  154 Checking imports in 'VERSION.dll'
095c pe_info::iterate_imports  154 Checking imports in 'SHLWAPI.dll'
095c pe_info::iterate_imports  154 Checking imports in 'RPCRT4.dll'
095c pe_info::iterate_imports  154 Checking imports in 'dbghelp.dll'
095c pe_info::iterate_imports  154 Checking imports in 'KERNEL32.dll'
095c add_repair_iat_node       168 Found import at 00007FFBE8A521F8 (value is 00007FFC364A5370).
095c hook_setter::commit        88 <<< Hook transaction committed.
095c win_screen_buffer::begin  184 Using native terminal support; found 'conemuhk64.dll'.
095c extract_ctag              817 read 0 bytes
095c extract_ctag              817 read 0 bytes
095c history_db::initialise   1061 master bank ctag: |CTAG_1617467580_585610218_2396_0
095c history_db::compact      1231 History:  0 active, 0 deleted
095c history_db::compact      1231 History:  1 active, 0 deleted
095c history_db::compact      1231 History:  2 active, 0 deleted
095c history_db::compact      1231 History:  3 active, 0 deleted
